<?xml version="1.0" encoding="UTF-8"?>
<testng-results skipped="0" failed="0" ignored="0" total="1" passed="1">
  <reporter-output>
  </reporter-output>
  <suite name="Default suite" duration-ms="68963" started-at="2023-02-27T10:51:36 IST" finished-at="2023-02-27T10:52:45 IST">
    <groups>
    </groups>
    <test name="Default test" duration-ms="68963" started-at="2023-02-27T10:51:36 IST" finished-at="2023-02-27T10:52:45 IST">
      <class name="Test.LoginTest">
        <test-method status="PASS" signature="login()[pri:0, instance:Test.LoginTest@548ad73b]" name="login" duration-ms="68932" started-at="2023-02-27T10:51:36 IST" finished-at="2023-02-27T10:52:45 IST">
          <reporter-output>
          </reporter-output>
        </test-method> <!-- login -->
      </class> <!-- Test.LoginTest -->
    </test> <!-- Default test -->
  </suite> <!-- Default suite -->
</testng-results>
